"../../../../../../humza/Documents/Unreal Projects/FirstGamePlatformer/Content/Art/Textures/Player.uasset" 0
"../../../../../../humza/Documents/Unreal Projects/FirstGamePlatformer/Content/Art/Textures/Black.uasset" 1
"../../Plugins/2D/Paper2D/Content/DefaultSpriteMaterial.uasset" 2
"../../../../../../humza/Documents/Unreal Projects/FirstGamePlatformer/Content/Art/Materials/MaskedUnlitSpriteMaterial2.uasset" 3
"../../../../../../humza/Documents/Unreal Projects/FirstGamePlatformer/Content/Art/Tileset/Test.uasset" 4
"../../../../../../humza/Documents/Unreal Projects/FirstGamePlatformer/Content/Art/Sprites/Dust.uasset" 5
"../../../../../../humza/Documents/Unreal Projects/FirstGamePlatformer/Content/Art/Textures/SpriteSheet.uasset" 6
"../../../../../../humza/Documents/Unreal Projects/FirstGamePlatformer/Content/Art/Tileset/SpriteSheet_TileSet.uasset" 7
"../../../../../../humza/Documents/Unreal Projects/FirstGamePlatformer/Content/Art/Tilemap/SpriteSheet_TileMap.uasset" 8
"../../../../../../humza/Documents/Unreal Projects/FirstGamePlatformer/Content/Blueprint/HUD/Instructions.uasset" 9
"../../../Engine/Content/Maps/Templates/Thumbnails/Default.uasset" 10
"../../../Engine/Content/Maps/Templates/Thumbnails/VR-Basic.uasset" 11
"../../../Engine/Content/MobileResources/T_MobileControls_texture.uasset" 12
"../../../Engine/Content/MobileResources/T_MobileMenu2.uasset" 13
"../../../Engine/Content/MobileResources/HUD/MobileHUDDirectionPad3.uasset" 14
"../../../Engine/Content/MobileResources/HUD/MobileHUDButton2_off.uasset" 15
"../../../Engine/Content/MobileResources/HUD/MobileHUDButton3.uasset" 16
"../../../Engine/Content/MobileResources/HUD/T_Castle_ThumbstickInner.uasset" 17
"../../../Engine/Content/MobileResources/HUD/MobileHUDDirectionStick.uasset" 18
"../../../Engine/Content/MobileResources/HUD/VirtualJoystick_Background.uasset" 19
"../../../Engine/Content/MobileResources/HUD/VirtualJoystick_Thumb.uasset" 20
"../../../Engine/Content/MobileResources/HUD/DefaultVirtualJoysticks.uasset" 21
"../../../Engine/Content/MobileResources/HUD/T_Castle_ThumbstickOutter.uasset" 22
"../../../Engine/Content/MobileResources/HUD/MobileHUDButton2_on.uasset" 23
"../../../Engine/Content/MobileResources/HUD/MobileHUDDirectionPad2.uasset" 24
"../../../Engine/Content/MobileResources/HUD/MobileHUDDirectionPad.uasset" 25
"../../../Engine/Content/MobileResources/HUD/AnalogHat.uasset" 26
"../../../Engine/Content/MobileResources/HUD/MobileHUDButton1_on.uasset" 27
"../../../Engine/Content/MobileResources/HUD/MobileHUDButtonFire.uasset" 28
"../../../Engine/Content/MobileResources/HUD/LeftVirtualJoystickOnly.uasset" 29
"../../../Engine/Content/MobileResources/HUD/MobileHUDButton1_off.uasset" 30
"../../../Engine/Content/Tutorial/ContentIntroCurve.uasset" 31
"../../../Engine/Content/Tutorial/Basics/TutorialAssets/icon_tab_Levels_40x.uasset" 32
"../../../Engine/Content/Tutorial/SubEditors/TutorialAssets/icon_ShowSkeletalMeshes_40x.uasset" 33
"../../../Engine/Content/Tutorial/SubEditors/TutorialAssets/icon_Editor_Preferences_General_40x.uasset" 34
"../../../Engine/Content/Tutorial/SubEditors/TutorialAssets/TutorialMaterial.uasset" 35
"../../../Engine/Content/Tutorial/SubEditors/TutorialAssets/T_SmokeSubUV_8X8.uasset" 36
"../../../Engine/Content/Tutorial/SubEditors/TutorialAssets/T_soft_smoke.uasset" 37
"../../../Engine/Content/Tutorial/SubEditors/TutorialAssets/M_smoke_subUV_blackbody.uasset" 38
"../../../Engine/Content/Tutorial/SubEditors/TutorialAssets/TutorialParticleSystem.uasset" 39
"../../../Engine/Content/Tutorial/Paper2D/TutorialAssets/Paper2DFlipbook_TutorialIcon.uasset" 40
"../../../Engine/Content/Tutorial/Paper2D/TutorialAssets/Paper2DSprite_TutorialIcon.uasset" 41
"../../../Engine/Content/Tutorial/BlueprintTutorials/TutorialAssets/BlueprintMacroLibrary_64x.uasset" 42
"../../../Engine/Content/Tutorial/BlueprintTutorials/TutorialAssets/Blueprint_64x.uasset" 43
"../../../Engine/Content/Tutorial/BlueprintTutorials/TutorialAssets/BlueprintInterface_64x.uasset" 44
"../../../Engine/Content/Tutorial/BlueprintTutorials/TutorialAssets/Tutorial_BP_Interface.uasset" 45
"../../../Engine/Content/Tutorial/Foliage/TutorialAssets/Foliage.uasset" 46
"../../../Engine/Content/Tutorial/Landscape/TutorialAssets/Landscape.uasset" 47
"../../../Engine/Content/EngineResources/DefaultTextureCube.uasset" 48
"../../../Engine/Content/EngineResources/DefaultTexture.uasset" 49
"../../../Engine/Content/EngineResources/GradientTexture0.uasset" 50
"../../../Engine/Content/EditorLandscapeResources/DataLayer.uasset" 51
"../../../Engine/Content/EditorSounds/Notifications/CompileSuccess.uasset" 52
"../../../Engine/Content/EditorSounds/Notifications/CompileSuccess_Cue.uasset" 53
"../../../Engine/Content/EditorSounds/Notifications/CompileFailed.uasset" 54
"../../../Engine/Content/EditorSounds/Notifications/CompileFailed_Cue.uasset" 55
"../../../Engine/Content/EditorSounds/Notifications/CompileStart_Cue.uasset" 56
"../../../Engine/Content/EditorMaterials/Camera/CineMat.uasset" 57
"../../../Engine/Content/EditorMaterials/Camera/MI_CineMat_Rig.uasset" 58
"../../../Engine/Content/EditorMeshes/Camera/SM_CraneRig_Body.uasset" 59
"../../../Engine/Content/EditorMeshes/Camera/SM_RailRig_Mount.uasset" 60
"../../../Engine/Content/EditorMeshes/Camera/SM_CraneRig_Base.uasset" 61
"../../../Engine/Content/EditorMeshes/Camera/SM_CraneRig_Mount.uasset" 62
"../../../Engine/Content/EditorMeshes/Camera/SM_CraneRig_Arm.uasset" 63
"../../../Engine/Content/EditorMeshes/Camera/SM_RailRig_Track.uasset" 64
"../../../Engine/Content/EngineFonts/Faces/RobotoTiny.uasset" 65
"../../../Engine/Content/EngineFonts/RobotoTiny.uasset" 66
"../../../Engine/Content/EngineFonts/Faces/RobotoBold.uasset" 67
"../../../Engine/Content/EngineFonts/Faces/RobotoBoldItalic.uasset" 68
"../../../Engine/Content/EngineFonts/Faces/RobotoItalic.uasset" 69
"../../../Engine/Content/EngineFonts/Faces/RobotoLight.uasset" 70
"../../../Engine/Content/EngineFonts/Faces/RobotoRegular.uasset" 71
"../../../Engine/Content/EngineFonts/Roboto.uasset" 72
"../../../Engine/Content/EngineDamageTypes/DmgTypeBP_Environmental.uasset" 73
"../../../Engine/Content/EngineResources/WhiteSquareTexture.uasset" 74
"../../../Engine/Content/EngineMaterials/Widget3DPassThrough.uasset" 75
"../../../Engine/Content/EngineMaterials/Widget3DPassThrough_Masked.uasset" 76
"../../../Engine/Content/EngineMaterials/WeightMapPlaceholderTexture.uasset" 77
"../../../Engine/Content/EngineMaterials/Widget3DPassThrough_Translucent.uasset" 78
"../../../Engine/Content/EngineMaterials/Widget3DPassThrough_Translucent_OneSided.uasset" 79
"../../../Engine/Content/EngineMaterials/EditorBrushMaterial.uasset" 80
"../../../Engine/Content/Functions/Engine_MaterialFunctions02/WorldPositionOffset/CameraOffset.uasset" 81
"../../../Engine/Content/EngineMaterials/PhAT_JointLimitMaterial.uasset" 82
"../../../Engine/Content/EngineMaterials/Widget3DPassThrough_Opaque.uasset" 83
"../../../Engine/Content/EngineMaterials/Widget3DPassThrough_Masked_OneSided.uasset" 84
"../../../Engine/Content/EngineMaterials/Good64x64TilingNoiseHighFreq.uasset" 85
"../../../Engine/Content/EngineMaterials/DefaultBloomKernel.uasset" 86
"../../../Engine/Content/EngineMaterials/RemoveSurfaceMaterial.uasset" 87
"../../../Engine/Content/EngineMaterials/DefaultDiffuse.uasset" 88
"../../../Engine/Content/EngineMaterials/DefaultDeferredDecalMaterial.uasset" 89
"../../../Engine/Content/Functions/Engine_MaterialFunctions02/Utility/BreakOutFloat2Components.uasset" 90
"../../../Engine/Content/EngineMaterials/DefaultPostProcessMaterial.uasset" 91
"../../../Engine/Content/EngineMaterials/DefaultPhysicalMaterial.uasset" 92
"../../../Engine/Content/EngineMaterials/InvalidLightmapSettings.uasset" 93
"../../../Engine/Content/EngineMaterials/M_InvalidLightmapSettings.uasset" 94
"../../../Engine/Content/EngineFonts/RobotoDistanceField.uasset" 95
"../../../Engine/Content/EngineMaterials/DefaultTextMaterialOpaque.uasset" 96
"../../../Engine/Content/EngineMaterials/PreintegratedSkinBRDF.uasset" 97
"../../../Engine/Content/EngineMaterials/Widget3DPassThrough_Opaque_OneSided.uasset" 98
"../../../Engine/Content/EngineMaterials/DefaultBokeh.uasset" 99
"../../../Engine/Content/EngineMaterials/DefaultLightFunctionMaterial.uasset" 100
"../../../Engine/Content/EngineMaterials/MiniFont.uasset" 101
"../../../Engine/Content/EngineMaterials/DefaultWhiteGrid.uasset" 102
"../../../Engine/Content/EngineDebugMaterials/DebugEditorMaterial.uasset" 103
"../../../Engine/Content/EngineDebugMaterials/GeomMaterial.uasset" 104
"../../../Engine/Content/EngineDebugMaterials/HeatmapGradient.uasset" 105
"../../../Engine/Content/EngineDebugMaterials/BoneWeightMaterial.uasset" 106
"../../../Engine/Content/EngineDebugMaterials/ClothMaterial.uasset" 107
"../../../Engine/Content/EngineDebugMaterials/ClothMaterial_WF.uasset" 108
"../../../Engine/Content/EngineDebugMaterials/DebugMeshMaterial.uasset" 109
"../../../Engine/Content/EditorResources/S_Trigger.uasset" 110
"../../../Engine/Content/EditorResources/S_Actor.uasset" 111
"../../../Engine/Content/EditorResources/BSPVertex.uasset" 112
"../../../Engine/Content/Functions/Engine_MaterialFunctions01/Opacity/CameraDepthFade.uasset" 113
"../../../Engine/Content/EngineMaterials/T_Default_Material_Grid_M.uasset" 114
"../../../Engine/Content/EngineMaterials/T_Default_Material_Grid_N.uasset" 115
"../../../Engine/Content/EngineMaterials/DefaultMaterial.uasset" 116
"../../../Engine/Content/BasicShapes/Cone.uasset" 117
"../../../Engine/Content/EngineMaterials/WorldGridMaterial.uasset" 118
"../../../Engine/Content/BasicShapes/Cube.uasset" 119
"../../../Engine/Content/BasicShapes/Cylinder.uasset" 120
"../../../Engine/Content/BasicShapes/Plane.uasset" 121
"../../../Engine/Content/BasicShapes/Sphere.uasset" 122
"../../../Engine/Content/Functions/Engine_MaterialFunctions01/Shading/ConvertFromDiffSpec.uasset" 123
"../../../Engine/Content/Functions/Engine_MaterialFunctions01/Shading/PowerToRoughness.uasset" 124
"../../../Engine/Content/EditorMaterials/PreviewShadowIndicator.uasset" 125
"../../../Engine/Content/EditorMaterials/PreviewShadowIndicatorMaterial.uasset" 126
"../../../Engine/Content/EditorMaterials/GizmoMaterial.uasset" 127
"../../../Engine/Content/EditorMaterials/MAT_Groups_Toggle.uasset" 128
"../../../Engine/Content/EditorMaterials/MAT_Groups_Visibility.uasset" 129
"../../../Engine/Content/EditorMaterials/ParticleSystems/PSysThumbnail_NoImage.uasset" 130
"../../../Engine/Content/EditorMaterials/ParticleSystems/PSysThumbnail_OOD.uasset" 131
"../../../Engine/Content/EditorMaterials/MatineeGroups/MAT_Groups_Vector.uasset" 132
"../../../Engine/Content/EditorMaterials/MatineeGroups/MAT_ColorTrack.uasset" 133
"../../../Engine/Content/EditorMaterials/MatineeGroups/MAT_Groups_AudioMaster.uasset" 134
"../../../Engine/Content/EditorMaterials/MatineeGroups/MAT_Groups_Sound.uasset" 135
"../../../Engine/Content/EditorMaterials/MatineeGroups/MAT_Groups_Float.uasset" 136
"../../../Engine/Content/EditorMaterials/MatineeGroups/MAT_Groups_Director.uasset" 137
"../../../Engine/Content/EditorMaterials/MatineeGroups/MAT_Groups_Move.uasset" 138
"../../../Engine/Content/EditorMaterials/MatineeGroups/MAT_Groups_Event.uasset" 139
"../../../Engine/Content/EditorMaterials/MatineeGroups/MAT_Groups_Fade.uasset" 140
"../../../Engine/Content/EditorMaterials/MatineeGroups/MAT_Groups_Anim.uasset" 141
"../../../Engine/Content/EditorMaterials/MatineeGroups/MAT_Groups_Slomo.uasset" 142
"../../../Engine/Content/EngineSounds/Master.uasset" 143
"../../../Engine/Content/EngineMeshes/Cube.uasset" 144
"../../../Engine/Content/EngineMeshes/Cylinder.uasset" 145
"../../../Engine/Content/EngineMeshes/Sphere.uasset" 146
"../../../Engine/Content/VREditor/Devices/Vive/UE4_Logo.uasset" 147
"../../../Engine/Content/VREditor/UI/M_ContentWindow.uasset" 148
"../../../Engine/Content/VREditor/UI/SM_ContentWindow_01.uasset" 149
"../../../Engine/Content/VREditor/UI/ArrowMaterial.uasset" 150
"../../../Engine/Content/VREditor/UI/SM_Radial_Pointer.uasset" 151
"../../../Engine/Content/VREditor/UI/KeyDiskMaterial.uasset" 152
"../../../Engine/Content/VREditor/UI/DiscMaterial.uasset" 153
"../../../Engine/Content/VREditor/UI/SM_Radial_Disk.uasset" 154
"../../../Engine/Content/VREditor/FloatingText/LineMaterial.uasset" 155
"../../../Engine/Content/VREditor/FloatingText/JointSphere.uasset" 156
"../../../Engine/Content/VREditor/FloatingText/LineSegmentCylinder.uasset" 157
"../../../Engine/Content/VREditor/LaserPointer/VR_LaserPower_01.uasset" 158
"../../../Engine/Content/VREditor/TransformGizmo/TransformGizmoMaterial.uasset" 159
"../../../Engine/Content/VREditor/TransformGizmo/TranslucentTransformGizmoMaterial.uasset" 160
"../../../Engine/Content/VREditor/TransformGizmo/PlaneTranslationHandle.uasset" 161
"../../../Engine/Content/VREditor/TransformGizmo/Main.uasset" 162
"../../../Engine/Content/VREditor/TransformGizmo/Xray.uasset" 163
"../../../Engine/Content/VREditor/TransformGizmo/SM_Sequencer_Key.uasset" 164
"../../../Engine/Content/VREditor/TransformGizmo/BoundingBoxCorner.uasset" 165
"../../../Engine/Content/VREditor/TransformGizmo/SM_Dialog_Move.uasset" 166
"../../../Engine/Content/VREditor/TransformGizmo/SM_Dialog_Close.uasset" 167
"../../../Engine/Content/VREditor/TransformGizmo/TranslucentTransformGizmoMaterial_Inst.uasset" 168
"../../../Engine/Content/VREditor/TransformGizmo/TransformGizmoMaterial_Inst.uasset" 169
"../../../Engine/Content/VREditor/TransformGizmo/SM_Sequencer_Node.uasset" 170
"../../../Engine/Content/VREditor/TransformGizmo/BoundingBoxEdge.uasset" 171
"../../../Engine/Content/Functions/Engine_MaterialFunctions01/Density/ExponentialDensity.uasset" 172
"../../../Engine/Content/VREditor/WorldMovementGrid/GridPostProcess.uasset" 173
"../../../Engine/Content/Functions/Engine_MaterialFunctions01/Gradient/RadialGradient.uasset" 174
"../../../Engine/Content/VREditor/WorldMovementGrid/SimpleGrid.uasset" 175
"../../../Engine/Content/VREditor/WorldMovementGrid/GridMaterial.uasset" 176
"../../../Engine/Content/EditorLandscapeResources/FlattenHeightMat.uasset" 177
"../../../Engine/Content/VREditor/WorldMovementGrid/PlaneMesh.uasset" 178
"../../../Engine/Content/VREditor/Teleport/TeleportDirectionMaterial.uasset" 179
"../../../Engine/Content/VREditor/Teleport/TeleportDirectionMaterial_Inst.uasset" 180
"../../../Engine/Content/VREditor/Teleport/TeleportDirectionMesh.uasset" 181
"../../../Engine/Content/VREditor/Sounds/VR_teleport.uasset" 182
"../../../Engine/Content/VREditor/Sounds/UI/Teleport_Mode_Entered.uasset" 183
"../../../Engine/Content/VREditor/Sounds/UI/Dockable_Window_Open.uasset" 184
"../../../Engine/Content/VREditor/Sounds/UI/Drop_Item_From_ContentBrowser.uasset" 185
"../../../Engine/Content/VREditor/Sounds/UI/Radial_Menu_FadeOut.uasset" 186
"../../../Engine/Content/VREditor/Sounds/UI/Dockable_Window_Close.uasset" 187
"../../../Engine/Content/VREditor/Sounds/UI/Floating_UI_Open-001.uasset" 188
"../../../Engine/Content/VREditor/Sounds/UI/Click_on_Button_Cue.uasset" 189
"../../../Engine/Content/VREditor/Sounds/UI/Dockable_Window_Drop.uasset" 190
"../../../Engine/Content/VREditor/Sounds/UI/Click_on_Button.uasset" 191
"../../../Engine/Content/VREditor/Sounds/UI/Dockable_Window_Pick_Up.uasset" 192
"../../../Engine/Content/VREditor/LaserPointer/LaserPointerMaterial.uasset" 193
"../../../Engine/Content/VREditor/LaserPointer/LaserPointerMaterialInst.uasset" 194
"../../../Engine/Content/VREditor/LaserPointer/TranslucentLaserPointerMaterialInst.uasset" 195
"../../../Engine/Content/VREditor/LaserPointer/LaserPointerMesh_Start.uasset" 196
"../../../Engine/Content/VREditor/LaserPointer/LaserPointerMesh.uasset" 197
"../../../Engine/Content/VREditor/LaserPointer/CursorPointer.uasset" 198
"../../../Engine/Content/VREditor/LaserPointer/LaserPointerMesh_End.uasset" 199
"../../../Engine/Content/VREditor/LaserPointer/HoverMaterial.uasset" 200
"../../../Engine/Content/VREditor/LaserPointer/TranslucentHoverMaterial.uasset" 201
"../../../Engine/Content/VREditor/LaserPointer/HoverMesh.uasset" 202
"../../../Engine/Content/VREditor/Fonts/VRText_RobotoLarge.uasset" 203
"../../../Engine/Content/VREditor/Fonts/VRTextMaterial.uasset" 204
"../../../Engine/Content/VREditor/Fonts/TranslucentVRTextMaterial.uasset" 205
"../../../Engine/Content/Functions/Engine_MaterialFunctions02/Utility/BreakOutFloat3Components.uasset" 206
"../../../Engine/Content/VREditor/Devices/Vive/VivePreController_MasksB.uasset" 207
"../../../Engine/Content/VREditor/Devices/Oculus/OculusControllerMaterial.uasset" 208
"../../../Engine/Content/VREditor/Devices/Oculus/OculusControllerMaterial_Inst.uasset" 209
"../../../Engine/Content/VREditor/Devices/Oculus/OculusControllerMesh.uasset" 210
"../../../Engine/Content/VREditor/Devices/Vive/T_VivePreController_EM.uasset" 211
"../../../Engine/Content/VREditor/Devices/Vive/VivePreController_MasksA.uasset" 212
"../../../Engine/Content/VREditor/Devices/Vive/VivePreControllerDiffuse.uasset" 213
"../../../Engine/Content/VREditor/Devices/Vive/VivePreControllerSpec.uasset" 214
"../../../Engine/Content/VREditor/Devices/Vive/VivePreControllerMaterial.uasset" 215
"../../../Engine/Content/VREditor/Devices/Vive/VivePreControllerMaterial_Inst.uasset" 216
"../../../Engine/Content/VREditor/Devices/Vive/VivePreControllerMesh.uasset" 217
"../../../Engine/Content/VREditor/Devices/Generic/GenericHMDMaterial.uasset" 218
"../../../Engine/Content/VREditor/Devices/Generic/GenericHMD.uasset" 219
"../../../Engine/Content/Functions/Engine_MaterialFunctions02/Utility/MakeFloat4.uasset" 220
"../../Plugins/Runtime/AppleARKit/Content/ARKitCameraMaterial.uasset" 221
"../../Plugins/2D/Paper2D/Content/OpaqueUnlitSpriteMaterial.uasset" 222
"../../Plugins/2D/Paper2D/Content/PlaceholderTextures/DummySpriteTexture.uasset" 223
"../../Plugins/2D/Paper2D/Content/DummySprite.uasset" 224
"../../Plugins/2D/Paper2D/Content/DefaultPaperTerrainMaterial.uasset" 225
"../../Plugins/2D/Paper2D/Content/MaskedUnlitSpriteMaterial.uasset" 226
"../../Plugins/Media/MediaCompositing/Content/DefaultMediaPlaneTexture.uasset" 227
"../../Plugins/Media/MediaCompositing/Content/DefaultMediaPlaneMaterial.uasset" 228
"../../../Engine/Content/EditorBlueprintResources/StandardMacros.uasset" 229
"../../../../../../humza/Documents/Unreal Projects/FirstGamePlatformer/Content/Blueprint/Pickups/PickUpBaseBP.uasset" 230
"../../../../../../humza/Documents/Unreal Projects/FirstGamePlatformer/Content/Art/Textures/HealthIcon.uasset" 231
"../../../../../../humza/Documents/Unreal Projects/FirstGamePlatformer/Content/Art/Sprites/HealthIcon_Sprite.uasset" 232
"../../../../../../humza/Documents/Unreal Projects/FirstGamePlatformer/Content/Blueprint/Pickups/PickUpBaseBPHealthPack.uasset" 233
"../../../../../../humza/Documents/Unreal Projects/FirstGamePlatformer/Content/Art/Textures/Mushroom.uasset" 234
"../../../../../../humza/Documents/Unreal Projects/FirstGamePlatformer/Content/Art/Sprites/Mushroom_Sprite_0.uasset" 235
"../../../../../../humza/Documents/Unreal Projects/FirstGamePlatformer/Content/Blueprint/Pickups/PickUpBaseBPMushroom.uasset" 236
"../../../../../../humza/Documents/Unreal Projects/FirstGamePlatformer/Content/Art/Textures/Ring.uasset" 237
"../../../../../../humza/Documents/Unreal Projects/FirstGamePlatformer/Content/Art/Sprites/Ring_Sprite_0.uasset" 238
"../../../../../../humza/Documents/Unreal Projects/FirstGamePlatformer/Content/Blueprint/Pickups/PickUpBaseBPRing.uasset" 239
"../../../../../../humza/Documents/Unreal Projects/FirstGamePlatformer/Content/Blueprint/HUD/HUD.uasset" 240
"../../../../../../humza/Documents/Unreal Projects/FirstGamePlatformer/Content/Blueprint/GameControllerBP.uasset" 241
"../../../../../../humza/Documents/Unreal Projects/FirstGamePlatformer/Content/Art/Materials/DefaultSpriteMaterial_2.uasset" 242
"../../../../../../humza/Documents/Unreal Projects/FirstGamePlatformer/Content/Art/Textures/Skel.uasset" 243
"../../../../../../humza/Documents/Unreal Projects/FirstGamePlatformer/Content/Art/Sprites/Skeleton/Skel_Skel_3.uasset" 244
"../../../../../../humza/Documents/Unreal Projects/FirstGamePlatformer/Content/Art/Sprites/Skeleton/Skel_Skel_4.uasset" 245
"../../../../../../humza/Documents/Unreal Projects/FirstGamePlatformer/Content/Art/Flipbook/fSkelRun.uasset" 246
"../../../../../../humza/Documents/Unreal Projects/FirstGamePlatformer/Content/Blueprint/EnemyBP.uasset" 247
"../../../../../../humza/Documents/Unreal Projects/FirstGamePlatformer/Content/Art/Textures/Projectile.uasset" 248
"../../../../../../humza/Documents/Unreal Projects/FirstGamePlatformer/Content/Art/Sprites/Projectile_Sprite.uasset" 249
"../../../../../../humza/Documents/Unreal Projects/FirstGamePlatformer/Content/Blueprint/Projectiles/ProjectileBP.uasset" 250
"../../../../../../humza/Documents/Unreal Projects/FirstGamePlatformer/Content/Art/Textures/InvisibleSprite.uasset" 251
"../../../../../../humza/Documents/Unreal Projects/FirstGamePlatformer/Content/Art/Sprites/InvisibleSprite_Sprite.uasset" 252
"../../../../../../humza/Documents/Unreal Projects/FirstGamePlatformer/Content/Art/Flipbook/fDeath.uasset" 253
"../../../../../../humza/Documents/Unreal Projects/FirstGamePlatformer/Content/Art/Sprites/Skeleton/Skel_Skel_10.uasset" 254
"../../../../../../humza/Documents/Unreal Projects/FirstGamePlatformer/Content/Art/Sprites/Skeleton/Skel_Skel_11.uasset" 255
"../../../../../../humza/Documents/Unreal Projects/FirstGamePlatformer/Content/Art/Sprites/Skeleton/Skel_Skel_12.uasset" 256
"../../../../../../humza/Documents/Unreal Projects/FirstGamePlatformer/Content/Art/Sprites/Skeleton/Skel_Skel_13.uasset" 257
"../../../../../../humza/Documents/Unreal Projects/FirstGamePlatformer/Content/Art/Sprites/Skeleton/Skel_Skel_9.uasset" 258
"../../../../../../humza/Documents/Unreal Projects/FirstGamePlatformer/Content/Art/Flipbook/fSkelAttack.uasset" 259
"../../../../../../humza/Documents/Unreal Projects/FirstGamePlatformer/Content/Art/Sprites/Skeleton/Skel_Skel_7.uasset" 260
"../../../../../../humza/Documents/Unreal Projects/FirstGamePlatformer/Content/Art/Sprites/Skeleton/Skel_Skel_8.uasset" 261
"../../../../../../humza/Documents/Unreal Projects/FirstGamePlatformer/Content/Art/Flipbook/fSkelClimb.uasset" 262
"../../../../../../humza/Documents/Unreal Projects/FirstGamePlatformer/Content/Art/Sprites/Skeleton/Skel_Skel_0.uasset" 263
"../../../../../../humza/Documents/Unreal Projects/FirstGamePlatformer/Content/Art/Sprites/Skeleton/Skel_Skel_1.uasset" 264
"../../../../../../humza/Documents/Unreal Projects/FirstGamePlatformer/Content/Art/Sprites/Skeleton/Skel_Skel_2.uasset" 265
"../../../../../../humza/Documents/Unreal Projects/FirstGamePlatformer/Content/Art/Flipbook/fSkelIdle.uasset" 266
"../../../../../../humza/Documents/Unreal Projects/FirstGamePlatformer/Content/Art/Sprites/Skeleton/Skel_Skel_5.uasset" 267
"../../../../../../humza/Documents/Unreal Projects/FirstGamePlatformer/Content/Art/Sprites/Skeleton/Skel_Skel_6.uasset" 268
"../../../../../../humza/Documents/Unreal Projects/FirstGamePlatformer/Content/Art/Flipbook/fSkelJump.uasset" 269
"../../../../../../humza/Documents/Unreal Projects/FirstGamePlatformer/Content/Art/Textures/Dust.uasset" 270
"../../../../../../humza/Documents/Unreal Projects/FirstGamePlatformer/Content/Art/Particles/Dust.uasset" 271
"../../../../../../humza/Documents/Unreal Projects/FirstGamePlatformer/Content/Art/Particles/pDust.uasset" 272
"../../../Engine/Content/EngineResources/Black.uasset" 273
"../../../../../../humza/Documents/Unreal Projects/FirstGamePlatformer/Content/Art/Textures/Exit.uasset" 274
"../../../../../../humza/Documents/Unreal Projects/FirstGamePlatformer/Content/Art/Textures/playagain.uasset" 275
"../../../../../../humza/Documents/Unreal Projects/FirstGamePlatformer/Content/Blueprint/HUD/GameOver.uasset" 276
"../../../../../../humza/Documents/Unreal Projects/FirstGamePlatformer/Content/Data/AnimationState.uasset" 277
"../../../../../../humza/Documents/Unreal Projects/FirstGamePlatformer/Content/Blueprint/PlayerBP.uasset" 278
"../../../../../../humza/Documents/Unreal Projects/FirstGamePlatformer/Content/Art/Materials/mArrow.uasset" 279
"../../../../../../humza/Documents/Unreal Projects/FirstGamePlatformer/Content/Art/Textures/Arrow.uasset" 280
"../../../../../../humza/Documents/Unreal Projects/FirstGamePlatformer/Content/Art/Sprites/Arrow_Sprite.uasset" 281
"../../../../../../humza/Documents/Unreal Projects/FirstGamePlatformer/Content/Blueprint/Arrow/ArrowBP.uasset" 282
"../../../../../../humza/Documents/Unreal Projects/FirstGamePlatformer/Content/Art/Textures/ArrowSpawner.uasset" 283
"../../../../../../humza/Documents/Unreal Projects/FirstGamePlatformer/Content/Art/Sprites/ArrowSpawner_Sprite.uasset" 284
"../../../../../../humza/Documents/Unreal Projects/FirstGamePlatformer/Content/Blueprint/Arrow/ArrowSpawnerBP.uasset" 285
"../../../../../../humza/Documents/Unreal Projects/FirstGamePlatformer/Content/Blueprint/FollowCameraBP.uasset" 286
"../../../../../../humza/Documents/Unreal Projects/FirstGamePlatformer/Content/Art/Textures/Rung.uasset" 287
"../../../../../../humza/Documents/Unreal Projects/FirstGamePlatformer/Content/Art/Sprites/Rung_Sprite.uasset" 288
"../../../../../../humza/Documents/Unreal Projects/FirstGamePlatformer/Content/Blueprint/Ladder/LadderBP.uasset" 289
"../../../../../../humza/Documents/Unreal Projects/FirstGamePlatformer/Content/Blueprint/Platforms/MovingPlatformBP.uasset" 290
"../../../../../../humza/Documents/Unreal Projects/FirstGamePlatformer/Content/Maps/Main_BuiltData.uasset" 291
"../../../../../../humza/Documents/Unreal Projects/FirstGamePlatformer/Content/Art/Tileset/SpriteSheet_TileMap.uasset" 292
"../../../../../../humza/Documents/Unreal Projects/FirstGamePlatformer/Content/Maps/Main.umap" 293
"../../../Engine/Content/Maps/Entry.umap" 294
